This file contains any messages produced by compilers while
running configure, to aid debugging if configure makes a mistake.

configure:538: checking for gcc
configure:651: checking whether the C compiler (/raid2/Main/mipsel-linux-musl-cross/bin/mipsel-linux-musl-gcc -mmusl -O3 -I/raid2/Main/_install/include -fPIC -mmusl -O3 -L/raid2/Main/_install/lib -fPIC) works
configure:667: /raid2/Main/mipsel-linux-musl-cross/bin/mipsel-linux-musl-gcc -o conftest -mmusl -O3 -I/raid2/Main/_install/include -fPIC -mmusl -O3 -I/raid2/Main/_install/include -fPIC -mmusl -O3 -L/raid2/Main/_install/lib -fPIC conftest.c  1>&5
configure:664:1: warning: return type defaults to 'int' [-Wimplicit-int]
  664 | main(){return(0);}
      | ^~~~
configure:693: checking whether the C compiler (/raid2/Main/mipsel-linux-musl-cross/bin/mipsel-linux-musl-gcc -mmusl -O3 -I/raid2/Main/_install/include -fPIC -mmusl -O3 -L/raid2/Main/_install/lib -fPIC) is a cross-compiler
configure:698: checking whether we are using GNU C
configure:707: /raid2/Main/mipsel-linux-musl-cross/bin/mipsel-linux-musl-gcc -E conftest.c
configure:726: checking whether /raid2/Main/mipsel-linux-musl-cross/bin/mipsel-linux-musl-gcc accepts -g
configure:758: checking how to run the C preprocessor
configure:838: checking for AIX
configure:892: checking for a BSD compatible install
configure:949: checking for getusershell in -lc
configure:968: /raid2/Main/mipsel-linux-musl-cross/bin/mipsel-linux-musl-gcc -o conftest -mmusl -O3 -I/raid2/Main/_install/include -fPIC -mmusl -O3 -I/raid2/Main/_install/include -fPIC -mmusl -O3 -L/raid2/Main/_install/lib -fPIC conftest.c -lc   1>&5
configure:997: checking for inet_ntoa in -lc
configure:1016: /raid2/Main/mipsel-linux-musl-cross/bin/mipsel-linux-musl-gcc -o conftest -mmusl -O3 -I/raid2/Main/_install/include -fPIC -mmusl -O3 -I/raid2/Main/_install/include -fPIC -mmusl -O3 -L/raid2/Main/_install/lib -fPIC conftest.c -lc   1>&5
configure:1084: checking for socket in -lsocket
configure:1103: /raid2/Main/mipsel-linux-musl-cross/bin/mipsel-linux-musl-gcc -o conftest -mmusl -O3 -I/raid2/Main/_install/include -fPIC -mmusl -O3 -I/raid2/Main/_install/include -fPIC -mmusl -O3 -L/raid2/Main/_install/lib -fPIC conftest.c -lsocket   1>&5
/raid2/Main/mipsel-linux-musl-cross/bin/../lib/gcc/mipsel-linux-musl/10.2.1/../../../../mipsel-linux-musl/bin/ld: cannot find -lsocket
collect2: error: ld returned 1 exit status
configure: failed program was:
#line 1092 "configure"
#include "confdefs.h"
/* Override any gcc2 internal prototype to avoid an error.  */
/* We use char because int might match the return type of a gcc2
    builtin and then its argument prototype would still apply.  */
char socket();

int main() {
socket()
; return 0; }
configure:1128: checking for connect in -lsocket
configure:1147: /raid2/Main/mipsel-linux-musl-cross/bin/mipsel-linux-musl-gcc -o conftest -mmusl -O3 -I/raid2/Main/_install/include -fPIC -mmusl -O3 -I/raid2/Main/_install/include -fPIC -mmusl -O3 -L/raid2/Main/_install/lib -fPIC conftest.c -lsocket   1>&5
/raid2/Main/mipsel-linux-musl-cross/bin/../lib/gcc/mipsel-linux-musl/10.2.1/../../../../mipsel-linux-musl/bin/ld: cannot find -lsocket
collect2: error: ld returned 1 exit status
configure: failed program was:
#line 1136 "configure"
#include "confdefs.h"
/* Override any gcc2 internal prototype to avoid an error.  */
/* We use char because int might match the return type of a gcc2
    builtin and then its argument prototype would still apply.  */
char connect();

int main() {
connect()
; return 0; }
configure:1174: checking for crypt in -lcrypt
configure:1193: /raid2/Main/mipsel-linux-musl-cross/bin/mipsel-linux-musl-gcc -o conftest -mmusl -O3 -I/raid2/Main/_install/include -fPIC -mmusl -O3 -I/raid2/Main/_install/include -fPIC -mmusl -O3 -L/raid2/Main/_install/lib -fPIC conftest.c -lcrypt   1>&5
configure:1223: checking for dirent.h that defines DIR
configure:1236: /raid2/Main/mipsel-linux-musl-cross/bin/mipsel-linux-musl-gcc -c -mmusl -O3 -I/raid2/Main/_install/include -fPIC -mmusl -O3 -I/raid2/Main/_install/include -fPIC conftest.c 1>&5
configure:1261: checking for opendir in -ldir
configure:1280: /raid2/Main/mipsel-linux-musl-cross/bin/mipsel-linux-musl-gcc -o conftest -mmusl -O3 -I/raid2/Main/_install/include -fPIC -mmusl -O3 -I/raid2/Main/_install/include -fPIC -mmusl -O3 -L/raid2/Main/_install/lib -fPIC conftest.c -ldir   -lcrypt 1>&5
/raid2/Main/mipsel-linux-musl-cross/bin/../lib/gcc/mipsel-linux-musl/10.2.1/../../../../mipsel-linux-musl/bin/ld: cannot find -ldir
collect2: error: ld returned 1 exit status
configure: failed program was:
#line 1269 "configure"
#include "confdefs.h"
/* Override any gcc2 internal prototype to avoid an error.  */
/* We use char because int might match the return type of a gcc2
    builtin and then its argument prototype would still apply.  */
char opendir();

int main() {
opendir()
; return 0; }
configure:1347: checking for paths.h
configure:1357: /raid2/Main/mipsel-linux-musl-cross/bin/mipsel-linux-musl-cpp -mmusl -O3 -I/raid2/Main/_install/include -fPIC conftest.c >/dev/null 2>conftest.out
configure:1387: checking for netinet/in.h
configure:1397: /raid2/Main/mipsel-linux-musl-cross/bin/mipsel-linux-musl-cpp -mmusl -O3 -I/raid2/Main/_install/include -fPIC conftest.c >/dev/null 2>conftest.out
configure:1427: checking for sys/time.h
configure:1437: /raid2/Main/mipsel-linux-musl-cross/bin/mipsel-linux-musl-cpp -mmusl -O3 -I/raid2/Main/_install/include -fPIC conftest.c >/dev/null 2>conftest.out
configure:1467: checking for time.h
configure:1477: /raid2/Main/mipsel-linux-musl-cross/bin/mipsel-linux-musl-cpp -mmusl -O3 -I/raid2/Main/_install/include -fPIC conftest.c >/dev/null 2>conftest.out
configure:1507: checking for sys/types.h
configure:1517: /raid2/Main/mipsel-linux-musl-cross/bin/mipsel-linux-musl-cpp -mmusl -O3 -I/raid2/Main/_install/include -fPIC conftest.c >/dev/null 2>conftest.out
configure:1547: checking for sys/stat.h
configure:1557: /raid2/Main/mipsel-linux-musl-cross/bin/mipsel-linux-musl-cpp -mmusl -O3 -I/raid2/Main/_install/include -fPIC conftest.c >/dev/null 2>conftest.out
configure:1587: checking for sys/socket.h
configure:1597: /raid2/Main/mipsel-linux-musl-cross/bin/mipsel-linux-musl-cpp -mmusl -O3 -I/raid2/Main/_install/include -fPIC conftest.c >/dev/null 2>conftest.out
configure:1627: checking for asm/socket.h
configure:1637: /raid2/Main/mipsel-linux-musl-cross/bin/mipsel-linux-musl-cpp -mmusl -O3 -I/raid2/Main/_install/include -fPIC conftest.c >/dev/null 2>conftest.out
configure:1667: checking for wait.h
configure:1677: /raid2/Main/mipsel-linux-musl-cross/bin/mipsel-linux-musl-cpp -mmusl -O3 -I/raid2/Main/_install/include -fPIC conftest.c >/dev/null 2>conftest.out
In file included from configure:1673:
/raid2/Main/mipsel-linux-musl-cross/mipsel-linux-musl/include/wait.h:1:2: warning: #warning redirecting incorrect #include <wait.h> to <sys/wait.h> [-Wcpp]
    1 | #warning redirecting incorrect #include <wait.h> to <sys/wait.h>
      |  ^~~~~~~
configure: failed program was:
#line 1672 "configure"
#include "confdefs.h"
#include <wait.h>
configure:1707: checking for sys/wait.h
configure:1717: /raid2/Main/mipsel-linux-musl-cross/bin/mipsel-linux-musl-cpp -mmusl -O3 -I/raid2/Main/_install/include -fPIC conftest.c >/dev/null 2>conftest.out
configure:1747: checking for shadow.h
configure:1757: /raid2/Main/mipsel-linux-musl-cross/bin/mipsel-linux-musl-cpp -mmusl -O3 -I/raid2/Main/_install/include -fPIC conftest.c >/dev/null 2>conftest.out
configure:1787: checking for arpa/inet.h
configure:1797: /raid2/Main/mipsel-linux-musl-cross/bin/mipsel-linux-musl-cpp -mmusl -O3 -I/raid2/Main/_install/include -fPIC conftest.c >/dev/null 2>conftest.out
configure:1827: checking for syslog.h
configure:1837: /raid2/Main/mipsel-linux-musl-cross/bin/mipsel-linux-musl-cpp -mmusl -O3 -I/raid2/Main/_install/include -fPIC conftest.c >/dev/null 2>conftest.out
configure:1867: checking for crypt.h
configure:1877: /raid2/Main/mipsel-linux-musl-cross/bin/mipsel-linux-musl-cpp -mmusl -O3 -I/raid2/Main/_install/include -fPIC conftest.c >/dev/null 2>conftest.out
configure:1907: checking for utmp.h
configure:1917: /raid2/Main/mipsel-linux-musl-cross/bin/mipsel-linux-musl-cpp -mmusl -O3 -I/raid2/Main/_install/include -fPIC conftest.c >/dev/null 2>conftest.out
configure:1947: checking for sys/sendfile.h
configure:1957: /raid2/Main/mipsel-linux-musl-cross/bin/mipsel-linux-musl-cpp -mmusl -O3 -I/raid2/Main/_install/include -fPIC conftest.c >/dev/null 2>conftest.out
configure:1990: checking whether to enable pam
configure:2059: checking whether to enable libz
configure:2154: checking whether to enable debug
